This is pdfTeX, Version 3.1415926-1.40.10 (TeX Live 2009/Debian) (format=pdflatex 2012.6.12)  14 JUN 2013 10:51
entering extended mode
 %&-line parsing enabled.
**manual.tex
(./manual.tex
LaTeX2e <2009/09/24>
Babel <v3.8l> and hyphenation patterns for english, usenglishmax, dumylang, noh
yphenation, farsi, arabic, croatian, bulgarian, ukrainian, russian, czech, slov
ak, danish, dutch, finnish, french, basque, ngerman, german, german-x-2009-06-1
9, ngerman-x-2009-06-19, ibycus, monogreek, greek, ancientgreek, hungarian, san
skrit, italian, latin, latvian, lithuanian, mongolian2a, mongolian, bokmal, nyn
orsk, romanian, irish, coptic, serbian, turkish, welsh, esperanto, uppersorbian
, estonian, indonesian, interlingua, icelandic, kurmanji, slovenian, polish, po
rtuguese, spanish, galician, catalan, swedish, ukenglish, loaded.
(/usr/share/texmf-texlive/tex/latex/base/book.cls
Document Class: book 2007/10/19 v1.4h Standard LaTeX document class
(/usr/share/texmf-texlive/tex/latex/base/bk12.clo
File: bk12.clo 2007/10/19 v1.4h Standard LaTeX file (size option)
)
\c@part=\count79
\c@chapter=\count80
\c@section=\count81
\c@subsection=\count82
\c@subsubsection=\count83
\c@paragraph=\count84
\c@subparagraph=\count85
\c@figure=\count86
\c@table=\count87
\abovecaptionskip=\skip41
\belowcaptionskip=\skip42
\bibindent=\dimen102
)
(/usr/share/texmf-texlive/tex/latex/base/fontenc.sty
Package: fontenc 2005/09/27 v1.99g Standard LaTeX package

(/usr/share/texmf-texlive/tex/latex/base/t1enc.def
File: t1enc.def 2005/09/27 v1.99g Standard LaTeX file
LaTeX Font Info:    Redeclaring font encoding T1 on input line 43.
))
(/usr/share/texmf-texlive/tex/latex/base/inputenc.sty
Package: inputenc 2008/03/30 v1.1d Input encoding file
\inpenc@prehook=\toks14
\inpenc@posthook=\toks15

(/usr/share/texmf-texlive/tex/latex/base/latin9.def
File: latin9.def 2008/03/30 v1.1d Input encoding file
))
(/usr/share/texmf-texlive/tex/latex/graphics/graphicx.sty
Package: graphicx 1999/02/16 v1.0f Enhanced LaTeX Graphics (DPC,SPQR)

(/usr/share/texmf-texlive/tex/latex/graphics/keyval.sty
Package: keyval 1999/03/16 v1.13 key=value parser (DPC)
\KV@toks@=\toks16
)
(/usr/share/texmf-texlive/tex/latex/graphics/graphics.sty
Package: graphics 2009/02/05 v1.0o Standard LaTeX Graphics (DPC,SPQR)

(/usr/share/texmf-texlive/tex/latex/graphics/trig.sty
Package: trig 1999/03/16 v1.09 sin cos tan (DPC)
)
(/etc/texmf/tex/latex/config/graphics.cfg
File: graphics.cfg 2009/08/28 v1.8 graphics configuration of TeX Live
)
Package graphics Info: Driver file: pdftex.def on input line 91.

(/usr/share/texmf-texlive/tex/latex/pdftex-def/pdftex.def
File: pdftex.def 2010/03/12 v0.04p Graphics/color for pdfTeX
\Gread@gobject=\count88
))
\Gin@req@height=\dimen103
\Gin@req@width=\dimen104
)
(/usr/share/texmf-texlive/tex/latex/amsfonts/amsfonts.sty
Package: amsfonts 2009/06/22 v3.00 Basic AMSFonts support
\@emptytoks=\toks17
\symAMSa=\mathgroup4
\symAMSb=\mathgroup5
LaTeX Font Info:    Overwriting math alphabet `\mathfrak' in version `bold'
(Font)                  U/euf/m/n --> U/euf/b/n on input line 96.
)
(/usr/share/texmf-texlive/tex/latex/base/textcomp.sty
Package: textcomp 2005/09/27 v1.99g Standard LaTeX package
Package textcomp Info: Sub-encoding information:
(textcomp)               5 = only ISO-Adobe without \textcurrency
(textcomp)               4 = 5 + \texteuro
(textcomp)               3 = 4 + \textohm
(textcomp)               2 = 3 + \textestimated + \textcurrency
(textcomp)               1 = TS1 - \textcircled - \t
(textcomp)               0 = TS1 (full)
(textcomp)             Font families with sub-encoding setting implement
(textcomp)             only a restricted character set as indicated.
(textcomp)             Family '?' is the default used for unknown fonts.
(textcomp)             See the documentation for details.
Package textcomp Info: Setting ? sub-encoding to TS1/1 on input line 71.

(/usr/share/texmf-texlive/tex/latex/base/ts1enc.def
File: ts1enc.def 2001/06/05 v3.0e (jk/car/fm) Standard LaTeX file
)
LaTeX Info: Redefining \oldstylenums on input line 266.
Package textcomp Info: Setting cmr sub-encoding to TS1/0 on input line 281.
Package textcomp Info: Setting cmss sub-encoding to TS1/0 on input line 282.
Package textcomp Info: Setting cmtt sub-encoding to TS1/0 on input line 283.
Package textcomp Info: Setting cmvtt sub-encoding to TS1/0 on input line 284.
Package textcomp Info: Setting cmbr sub-encoding to TS1/0 on input line 285.
Package textcomp Info: Setting cmtl sub-encoding to TS1/0 on input line 286.
Package textcomp Info: Setting ccr sub-encoding to TS1/0 on input line 287.
Package textcomp Info: Setting ptm sub-encoding to TS1/4 on input line 288.
Package textcomp Info: Setting pcr sub-encoding to TS1/4 on input line 289.
Package textcomp Info: Setting phv sub-encoding to TS1/4 on input line 290.
Package textcomp Info: Setting ppl sub-encoding to TS1/3 on input line 291.
Package textcomp Info: Setting pag sub-encoding to TS1/4 on input line 292.
Package textcomp Info: Setting pbk sub-encoding to TS1/4 on input line 293.
Package textcomp Info: Setting pnc sub-encoding to TS1/4 on input line 294.
Package textcomp Info: Setting pzc sub-encoding to TS1/4 on input line 295.
Package textcomp Info: Setting bch sub-encoding to TS1/4 on input line 296.
Package textcomp Info: Setting put sub-encoding to TS1/5 on input line 297.
Package textcomp Info: Setting uag sub-encoding to TS1/5 on input line 298.
Package textcomp Info: Setting ugq sub-encoding to TS1/5 on input line 299.
Package textcomp Info: Setting ul8 sub-encoding to TS1/4 on input line 300.
Package textcomp Info: Setting ul9 sub-encoding to TS1/4 on input line 301.
Package textcomp Info: Setting augie sub-encoding to TS1/5 on input line 302.
Package textcomp Info: Setting dayrom sub-encoding to TS1/3 on input line 303.
Package textcomp Info: Setting dayroms sub-encoding to TS1/3 on input line 304.

Package textcomp Info: Setting pxr sub-encoding to TS1/0 on input line 305.
Package textcomp Info: Setting pxss sub-encoding to TS1/0 on input line 306.
Package textcomp Info: Setting pxtt sub-encoding to TS1/0 on input line 307.
Package textcomp Info: Setting txr sub-encoding to TS1/0 on input line 308.
Package textcomp Info: Setting txss sub-encoding to TS1/0 on input line 309.
Package textcomp Info: Setting txtt sub-encoding to TS1/0 on input line 310.
Package textcomp Info: Setting futs sub-encoding to TS1/4 on input line 311.
Package textcomp Info: Setting futx sub-encoding to TS1/4 on input line 312.
Package textcomp Info: Setting futj sub-encoding to TS1/4 on input line 313.
Package textcomp Info: Setting hlh sub-encoding to TS1/3 on input line 314.
Package textcomp Info: Setting hls sub-encoding to TS1/3 on input line 315.
Package textcomp Info: Setting hlst sub-encoding to TS1/3 on input line 316.
Package textcomp Info: Setting hlct sub-encoding to TS1/5 on input line 317.
Package textcomp Info: Setting hlx sub-encoding to TS1/5 on input line 318.
Package textcomp Info: Setting hlce sub-encoding to TS1/5 on input line 319.
Package textcomp Info: Setting hlcn sub-encoding to TS1/5 on input line 320.
Package textcomp Info: Setting hlcw sub-encoding to TS1/5 on input line 321.
Package textcomp Info: Setting hlcf sub-encoding to TS1/5 on input line 322.
Package textcomp Info: Setting pplx sub-encoding to TS1/3 on input line 323.
Package textcomp Info: Setting pplj sub-encoding to TS1/3 on input line 324.
Package textcomp Info: Setting ptmx sub-encoding to TS1/4 on input line 325.
Package textcomp Info: Setting ptmj sub-encoding to TS1/4 on input line 326.
)
(/usr/share/texmf-texlive/tex/latex/graphics/color.sty
Package: color 2005/11/14 v1.0j Standard LaTeX Color (DPC)

(/etc/texmf/tex/latex/config/color.cfg
File: color.cfg 2007/01/18 v1.5 color configuration of teTeX/TeXLive
)
Package color Info: Driver file: pdftex.def on input line 130.
)
(/usr/share/texmf-texlive/tex/latex/tools/calc.sty
Package: calc 2007/08/22 v4.3 Infix arithmetic (KKT,FJ)
\calc@Acount=\count89
\calc@Bcount=\count90
\calc@Adimen=\dimen105
\calc@Bdimen=\dimen106
\calc@Askip=\skip43
\calc@Bskip=\skip44
LaTeX Info: Redefining \setlength on input line 76.
LaTeX Info: Redefining \addtolength on input line 77.
\calc@Ccount=\count91
\calc@Cskip=\skip45
)
(/usr/share/texmf-texlive/tex/latex/tools/longtable.sty
Package: longtable 2004/02/01 v4.11 Multi-page Table package (DPC)
\LTleft=\skip46
\LTright=\skip47
\LTpre=\skip48
\LTpost=\skip49
\LTchunksize=\count92
\LTcapwidth=\dimen107
\LT@head=\box26
\LT@firsthead=\box27
\LT@foot=\box28
\LT@lastfoot=\box29
\LT@cols=\count93
\LT@rows=\count94
\c@LT@tables=\count95
\c@LT@chunks=\count96
\LT@p@ftn=\toks18
)
(/usr/share/texmf-texlive/tex/latex/hyperref/hyperref.sty
Package: hyperref 2009/10/09 v6.79a Hypertext links for LaTeX

(/usr/share/texmf-texlive/tex/generic/oberdiek/ifpdf.sty
Package: ifpdf 2009/04/10 v2.0 Provides the ifpdf switch (HO)
Package ifpdf Info: pdfTeX in pdf mode detected.
)
(/usr/share/texmf-texlive/tex/generic/oberdiek/ifvtex.sty
Package: ifvtex 2008/11/04 v1.4 Switches for detecting VTeX and its modes (HO)
Package ifvtex Info: VTeX not detected.
)
(/usr/share/texmf-texlive/tex/generic/ifxetex/ifxetex.sty
Package: ifxetex 2009/01/23 v0.5 Provides ifxetex conditional
)
(/usr/share/texmf-texlive/tex/latex/oberdiek/hycolor.sty
Package: hycolor 2009/10/02 v1.5 Code for color options of hyperref/bookmark (H
O)

(/usr/share/texmf-texlive/tex/latex/oberdiek/xcolor-patch.sty
Package: xcolor-patch 2009/10/02 xcolor patch
))
\@linkdim=\dimen108
\Hy@linkcounter=\count97
\Hy@pagecounter=\count98

(/usr/share/texmf-texlive/tex/latex/hyperref/pd1enc.def
File: pd1enc.def 2009/10/09 v6.79a Hyperref: PDFDocEncoding definition (HO)
)
(/usr/share/texmf-texlive/tex/generic/oberdiek/etexcmds.sty
Package: etexcmds 2007/12/12 v1.2 Prefix for e-TeX command names (HO)

(/usr/share/texmf-texlive/tex/generic/oberdiek/infwarerr.sty
Package: infwarerr 2007/09/09 v1.2 Providing info/warning/message (HO)
)
Package etexcmds Info: Could not find \expanded.
(etexcmds)             That can mean that you are not using pdfTeX 1.50 or
(etexcmds)             that some package has redefined \expanded.
(etexcmds)             In the latter case, load this package earlier.
)
(/usr/share/texmf-texlive/tex/latex/latexconfig/hyperref.cfg
File: hyperref.cfg 2002/06/06 v1.2 hyperref configuration of TeXLive
)
(/usr/share/texmf-texlive/tex/latex/oberdiek/kvoptions.sty
Package: kvoptions 2009/08/13 v3.4 Keyval support for LaTeX options (HO)

(/usr/share/texmf-texlive/tex/generic/oberdiek/kvsetkeys.sty
Package: kvsetkeys 2009/07/30 v1.5 Key value parser with default handler suppor
t (HO)
))
Package hyperref Info: Hyper figures OFF on input line 2975.
Package hyperref Info: Link nesting OFF on input line 2980.
Package hyperref Info: Hyper index ON on input line 2983.
Package hyperref Info: Plain pages OFF on input line 2990.
Package hyperref Info: Backreferencing OFF on input line 2995.

Implicit mode ON; LaTeX internals redefined
Package hyperref Info: Bookmarks ON on input line 3191.
(/usr/share/texmf-texlive/tex/latex/ltxmisc/url.sty
\Urlmuskip=\muskip10
Package: url 2006/04/12  ver 3.3  Verb mode for urls, etc.
)
LaTeX Info: Redefining \url on input line 3428.

(/usr/share/texmf-texlive/tex/generic/oberdiek/bitset.sty
Package: bitset 2007/09/28 v1.0 Data type bit set (HO)

(/usr/share/texmf-texlive/tex/generic/oberdiek/intcalc.sty
Package: intcalc 2007/09/27 v1.1 Expandable integer calculations (HO)
)
(/usr/share/texmf-texlive/tex/generic/oberdiek/bigintcalc.sty
Package: bigintcalc 2007/11/11 v1.1 Expandable big integer calculations (HO)

(/usr/share/texmf-texlive/tex/generic/oberdiek/pdftexcmds.sty
Package: pdftexcmds 2009/09/23 v0.6 LuaTeX support for pdfTeX utility functions
 (HO)

(/usr/share/texmf-texlive/tex/generic/oberdiek/ifluatex.sty
Package: ifluatex 2009/04/17 v1.2 Provides the ifluatex switch (HO)
Package ifluatex Info: LuaTeX not detected.
)
(/usr/share/texmf-texlive/tex/generic/oberdiek/ltxcmds.sty
Package: ltxcmds 2009/08/05 v1.0 Some LaTeX kernel commands for general use (HO
)
)
Package pdftexcmds Info: LuaTeX not detected.
Package pdftexcmds Info: \pdf@primitive is available.
Package pdftexcmds Info: \pdf@ifprimitive is available.
)))
\Fld@menulength=\count99
\Field@Width=\dimen109
\Fld@charsize=\dimen110
\Field@toks=\toks19
Package hyperref Info: Hyper figures OFF on input line 4377.
Package hyperref Info: Link nesting OFF on input line 4382.
Package hyperref Info: Hyper index ON on input line 4385.
Package hyperref Info: backreferencing OFF on input line 4392.
Package hyperref Info: Link coloring OFF on input line 4397.
Package hyperref Info: Link coloring with OCG OFF on input line 4402.
Package hyperref Info: PDF/A mode OFF on input line 4407.

(/usr/share/texmf-texlive/tex/generic/oberdiek/atbegshi.sty
Package: atbegshi 2008/07/31 v1.9 At begin shipout hook (HO)
)
\Hy@abspage=\count100
\c@Item=\count101
\c@Hfootnote=\count102
)
*hyperref using default driver hpdftex*
(/usr/share/texmf-texlive/tex/latex/hyperref/hpdftex.def
File: hpdftex.def 2009/10/09 v6.79a Hyperref driver for pdfTeX
\Fld@listcount=\count103
)
Package hyperref Info: Option `colorlinks' set `true' on input line 14.


Package hyperref Warning: Option `pagecolor' is not available anymore.

(./manual.aux)
\openout1 = `manual.aux'.

LaTeX Font Info:    Checking defaults for OML/cmm/m/it on input line 30.
LaTeX Font Info:    ... okay on input line 30.
LaTeX Font Info:    Checking defaults for T1/cmr/m/n on input line 30.
LaTeX Font Info:    ... okay on input line 30.
LaTeX Font Info:    Checking defaults for OT1/cmr/m/n on input line 30.
LaTeX Font Info:    ... okay on input line 30.
LaTeX Font Info:    Checking defaults for OMS/cmsy/m/n on input line 30.
LaTeX Font Info:    ... okay on input line 30.
LaTeX Font Info:    Checking defaults for OMX/cmex/m/n on input line 30.
LaTeX Font Info:    ... okay on input line 30.
LaTeX Font Info:    Checking defaults for U/cmr/m/n on input line 30.
LaTeX Font Info:    ... okay on input line 30.
LaTeX Font Info:    Checking defaults for TS1/cmr/m/n on input line 30.
LaTeX Font Info:    Try loading font information for TS1+cmr on input line 30.
 (/usr/share/texmf-texlive/tex/latex/base/ts1cmr.fd
File: ts1cmr.fd 1999/05/25 v2.5h Standard LaTeX font definitions
)
LaTeX Font Info:    ... okay on input line 30.
LaTeX Font Info:    Checking defaults for PD1/pdf/m/n on input line 30.
LaTeX Font Info:    ... okay on input line 30.

(/usr/share/texmf-texlive/tex/context/base/supp-pdf.mkii
[Loading MPS to PDF converter (version 2006.09.02).]
\scratchcounter=\count104
\scratchdimen=\dimen111
\scratchbox=\box30
\nofMPsegments=\count105
\nofMParguments=\count106
\everyMPshowfont=\toks20
\MPscratchCnt=\count107
\MPscratchDim=\dimen112
\MPnumerator=\count108
\everyMPtoPDFconversion=\toks21
)
Package hyperref Info: Link coloring ON on input line 30.
 (/usr/share/texmf-texlive/tex/latex/hyperref/nameref.sty
Package: nameref 2007/05/29 v2.31 Cross-referencing by name of section

(/usr/share/texmf-texlive/tex/latex/oberdiek/refcount.sty
Package: refcount 2008/08/11 v3.1 Data extraction from references (HO)
)
\c@section@level=\count109
)
LaTeX Info: Redefining \ref on input line 30.
LaTeX Info: Redefining \pageref on input line 30.
 (./manual.out)
(./manual.out)
\@outlinefile=\write3
\openout3 = `manual.out'.

\AtBeginShipoutBox=\box31
LaTeX Font Info:    Try loading font information for T1+cmss on input line 31.
 (/usr/share/texmf-texlive/tex/latex/base/t1cmss.fd
File: t1cmss.fd 1999/05/25 v2.5h Standard LaTeX font definitions
) [1{/var/lib/texmf/fonts/map/pdftex/updmap/pdftex.map}

] [2

] (./manual.toc
LaTeX Font Info:    Try loading font information for U+msa on input line 1.

(/usr/share/texmf-texlive/tex/latex/amsfonts/umsa.fd
File: umsa.fd 2009/06/22 v3.00 AMS symbols A
)
LaTeX Font Info:    Try loading font information for U+msb on input line 1.

(/usr/share/texmf-texlive/tex/latex/amsfonts/umsb.fd
File: umsb.fd 2009/06/22 v3.00 AMS symbols B
) [3])
\tf@toc=\write4
\openout4 = `manual.toc'.

 [4] [5

] [6]
Overfull \hbox (0.59206pt too wide) in paragraph at lines 146--147
[]\T1/cmr/m/n/12 Linux, FreeBSD, Cyg-win or any Unix en-vi-ron-ment with GNU to
olchain. 
 []

[7]
LaTeX Font Info:    Try loading font information for T1+cmtt on input line 168.

 (/usr/share/texmf-texlive/tex/latex/base/t1cmtt.fd
File: t1cmtt.fd 1999/05/25 v2.5h Standard LaTeX font definitions
)
Overfull \hbox (17.4505pt too wide) in paragraph at lines 196--196
[]\T1/cmtt/m/n/12 ./drivers/can_serial Serial point to point and PTY hub (*nix 
only)[] 
 []


Overfull \hbox (5.10352pt too wide) in paragraph at lines 196--196
[]\T1/cmtt/m/n/12 ./examples/TestMasterSlave 2 nodes, NMT SYNC SDO PDO, win32+u
nix[] 
 []


Overfull \hbox (48.31796pt too wide) in paragraph at lines 196--196
[]\T1/cmtt/m/n/12 ./examples/TestMasterSlaveLSS 3 nodes, NMT SYNC SDO PDO LSS, 
win32+unix[] 
 []


Overfull \hbox (23.624pt too wide) in paragraph at lines 196--196
[]\T1/cmtt/m/n/12 ./examples/TestMasterMicroMod 1 node, control Peak I/O Module
, unix[] 
 []


<Pictures/10000201000003F9000002CF880931E7.png, id=342, 844.81139pt x 597.26587
pt>
File: Pictures/10000201000003F9000002CF880931E7.png Graphic file (type png)
 <use Pictures/10000201000003F9000002CF880931E7.png>
Underfull \vbox (badness 10000) has occurred while \output is active []

 [8]
Underfull \hbox (badness 10000) in paragraph at lines 219--220

 []


<Pictures/10000201000003CA0000016604E6A5EF.png, id=349, 805.76897pt x 297.3869p
t>
File: Pictures/10000201000003CA0000016604E6A5EF.png Graphic file (type png)
 <use Pictures/10000201000003CA0000016604E6A5EF.png>
Underfull \hbox (badness 10000) in paragraph at lines 227--229

 []

[9 <./Pictures/10000201000003F9000002CF880931E7.png> <./Pictures/10000201000003
CA0000016604E6A5EF.png>]
<Pictures/10000201000003F9000002CF8B0CDAEA.png, id=358, 844.81139pt x 597.26587
pt>
File: Pictures/10000201000003F9000002CF8B0CDAEA.png Graphic file (type png)
 <use Pictures/10000201000003F9000002CF8B0CDAEA.png>
<Pictures/100000000000022C000000DEDAD2140C.png, id=359, 558.085pt x 222.8325pt>
File: Pictures/100000000000022C000000DEDAD2140C.png Graphic file (type png)
<use Pictures/100000000000022C000000DEDAD2140C.png>
Underfull \vbox (badness 10000) has occurred while \output is active []

 [10 <./Pictures/10000201000003F9000002CF8B0CDAEA.png>]
<Pictures/1000000000000396000000FFC42573DA.png, id=366, 921.4425pt x 255.95625p
t>
File: Pictures/1000000000000396000000FFC42573DA.png Graphic file (type png)
 <use Pictures/1000000000000396000000FFC42573DA.png> [11 <./Pictures/1000000000
00022C000000DEDAD2140C.png (PNG copy)> <./Pictures/1000000000000396000000FFC425
73DA.png (PNG copy)>] [12] [13]
Overfull \hbox (56.0551pt too wide) in paragraph at lines 433--434
[]\T1/cmr/m/n/12 If the LSS ser-vices are en-abled the sam-ple pro-vided in /ex
-am-ple/TestMasterSlaveLSS
 []

[14]
Overfull \hbox (61.64651pt too wide) in paragraph at lines 475--478
[]\T1/cmr/m/n/12 Please down-load driver at [][]http://www.peak -system.com/the
men/download_gb.html[][]
 []

[15]
Overfull \hbox (5.10352pt too wide) in paragraph at lines 572--572
[]\T1/cmtt/m/n/12 export PCAN2_LIB=~/Disk/PCAN-Light/Lib/Visual\ C++/Pcan_2pcc.
lib[] 
 []

[16]
Overfull \hbox (18.35565pt too wide) in paragraph at lines 622--624
 \T1/cmr/bx/n/12 a) Pcan-Light and the can_peak_win32 project.[] \T1/cmr/m/n/12
 Cho-sen Pcan_xxx.lib
 []


Overfull \hbox (9.69398pt too wide) in paragraph at lines 622--624
\T1/cmr/m/n/12 and even-tu-ally Pcan_2xxx.lib files must be added to can_peak_w
in32   project
 []


Overfull \hbox (13.67493pt too wide) in paragraph at lines 642--643
\T1/cmr/m/n/12 Download from : http://sourceforge.net/project/showfiles.php?gro
up_id=2435 
 []

[17]
Overfull \hbox (41.41121pt too wide) in paragraph at lines 649--653
\T1/cmr/m/n/12 Please down-load driver at http://www.peak-system.com/themen/dow
nload_gb.html
 []


Underfull \hbox (badness 10000) in paragraph at lines 649--653

 []

[18]
Overfull \hbox (17.03645pt too wide) in paragraph at lines 718--720
 \T1/cmr/bx/n/12 b) Two nodes with Pcan-Light and Peak dual PCMCIA-CAN adapter[
]
 []


Overfull \hbox (5.10352pt too wide) in paragraph at lines 739--739
[]\T1/cmtt/m/n/12 export PCAN2_LIB=~/Disk/PCAN-Light/Lib/Visual\ C++/Pcan_2pcc.
lib[] 
 []

[19]
Overfull \hbox (30.26959pt too wide) in paragraph at lines 771--773
[]\T1/cmr/m/n/12 To do a CANopen node run-ning on a mi-cron-con-troller Mo-toro
la MC9S12DP256,
 []


Overfull \hbox (71.78561pt too wide) in paragraph at lines 775--777
\T1/cmr/m/n/12 Download the \T1/cmr/bx/n/12 re-lease 3.1 \T1/cmr/m/n/12 at : []
[]http://m68hc11.serveftp.org/m68hc11_pkg_rpm.php[][] 
 []

[20]
Overfull \hbox (79.18542pt too wide) in paragraph at lines 876--876
[]\T1/cmtt/m/n/12 *************************************************************
***************[] 
 []


Overfull \hbox (79.18542pt too wide) in paragraph at lines 876--876
[]\T1/cmtt/m/n/12 *  CANOpenShell                                              
              *[] 
 []


Overfull \hbox (79.18542pt too wide) in paragraph at lines 876--876
[]\T1/cmtt/m/n/12 *                                                            
              *[] 
 []


Overfull \hbox (97.7059pt too wide) in paragraph at lines 876--876
[]   \T1/cmtt/m/n/12 *   MANDATORY COMMAND (must be the first command)         
                 *[] 
 []


Overfull \hbox (79.18542pt too wide) in paragraph at lines 876--876
[]\T1/cmtt/m/n/12 *     load#CanLibraryPath,channel,baudrate,nodeid,type (0:sla
ve, 1:master) *[] 
 []


Overfull \hbox (79.18542pt too wide) in paragraph at lines 876--876
[]\T1/cmtt/m/n/12 *                                                            
              *[] 
 []

[21]
Overfull \hbox (79.18542pt too wide) in paragraph at lines 876--876
[]\T1/cmtt/m/n/12 *   NETWORK: (if nodeid=0x00 : broadcast)                    
              *[] 
 []


Overfull \hbox (79.18542pt too wide) in paragraph at lines 876--876
[]\T1/cmtt/m/n/12 *     ssta#nodeid : Start a node                             
              *[] 
 []


Overfull \hbox (79.18542pt too wide) in paragraph at lines 876--876
[]\T1/cmtt/m/n/12 *     ssto#nodeid : Stop a node                              
              *[] 
 []


Overfull \hbox (79.18542pt too wide) in paragraph at lines 876--876
[]\T1/cmtt/m/n/12 *     srst#nodeid : Reset a node                             
              *[] 
 []


Overfull \hbox (79.18542pt too wide) in paragraph at lines 876--876
[]\T1/cmtt/m/n/12 *     scan : Reset all nodes and print message when bootup   
              *[] 
 []


Overfull \hbox (79.18542pt too wide) in paragraph at lines 876--876
[]\T1/cmtt/m/n/12 *     wait#seconds : Sleep for n seconds                     
              *[] 
 []


Overfull \hbox (79.18542pt too wide) in paragraph at lines 876--876
[]\T1/cmtt/m/n/12 *                                                            
              *[] 
 []


Overfull \hbox (79.18542pt too wide) in paragraph at lines 876--876
[]\T1/cmtt/m/n/12 *   SDO: (size in bytes)                                     
              *[] 
 []


Overfull \hbox (79.18542pt too wide) in paragraph at lines 876--876
[]\T1/cmtt/m/n/12 *     info#nodeid                                            
              *[] 
 []


Overfull \hbox (79.18542pt too wide) in paragraph at lines 876--876
[]\T1/cmtt/m/n/12 *     rsdo#nodeid,index,subindex : read sdo                  
              *[] 
 []


Overfull \hbox (79.18542pt too wide) in paragraph at lines 876--876
[]\T1/cmtt/m/n/12 *        ex : rsdo#42,1018,01                                
              *[] 
 []


Overfull \hbox (79.18542pt too wide) in paragraph at lines 876--876
[]\T1/cmtt/m/n/12 *     wsdo#nodeid,index,subindex,size,data : write sdo       
              *[] 
 []


Overfull \hbox (79.18542pt too wide) in paragraph at lines 876--876
[]\T1/cmtt/m/n/12 *        ex : wsdo#42,6200,01,01,FF                          
              *[] 
 []


Overfull \hbox (79.18542pt too wide) in paragraph at lines 876--876
[]\T1/cmtt/m/n/12 *                                                            
              *[] 
 []


Overfull \hbox (79.18542pt too wide) in paragraph at lines 876--876
[]\T1/cmtt/m/n/12 *   Note: All numbers are hex                                
              *[] 
 []


Overfull \hbox (79.18542pt too wide) in paragraph at lines 876--876
[]\T1/cmtt/m/n/12 *                                                            
              *[] 
 []


Overfull \hbox (79.18542pt too wide) in paragraph at lines 876--876
[]\T1/cmtt/m/n/12 *     help : Display this menu                               
              *[] 
 []


Overfull \hbox (79.18542pt too wide) in paragraph at lines 876--876
[]\T1/cmtt/m/n/12 *     quit : Quit application                                
              *[] 
 []


Overfull \hbox (79.18542pt too wide) in paragraph at lines 876--876
[]\T1/cmtt/m/n/12 *************************************************************
***************[] 
 []


Overfull \hbox (5.10352pt too wide) in paragraph at lines 881--881
[]\T1/cmtt/m/n/12 ./CANOpenShell load#libcanfestival_can_peak_linux.so,32,125K,
8,0[] 
 []


Overfull \hbox (17.4505pt too wide) in paragraph at lines 890--890
[]\T1/cmtt/m/n/12 ./CANOpenShell load#libcanfestival_can_peak_linux.so,32,125K,
8,1 \[] 
 []


Overfull \hbox (5.10352pt too wide) in paragraph at lines 923--923
[]  \T1/cmtt/m/n/12 ***********************************************************
***[] 
 []


Overfull \hbox (5.10352pt too wide) in paragraph at lines 923--923
[]  \T1/cmtt/m/n/12 *  TestMasterSlave                                         
  *[] 
 []


Overfull \hbox (5.10352pt too wide) in paragraph at lines 923--923
[]  \T1/cmtt/m/n/12 *                                                          
  *[] 
 []

[22]
Overfull \hbox (5.10352pt too wide) in paragraph at lines 923--923
[]  \T1/cmtt/m/n/12 *  A simple example for PC. It does implement 2 CanOpen    
  *[] 
 []


Overfull \hbox (5.10352pt too wide) in paragraph at lines 923--923
[]  \T1/cmtt/m/n/12 *  nodes in the same process. A master and a slave. Both   
  *[] 
 []


Overfull \hbox (5.10352pt too wide) in paragraph at lines 923--923
[]  \T1/cmtt/m/n/12 *  communicate together, exchanging periodically NMT, SYNC,
  *[] 
 []


Overfull \hbox (5.10352pt too wide) in paragraph at lines 923--923
[]  \T1/cmtt/m/n/12 *  SDO and PDO. Master configure heartbeat producer time   
  *[] 
 []


Overfull \hbox (5.10352pt too wide) in paragraph at lines 923--923
[]  \T1/cmtt/m/n/12 *  at 1000 ms for slave node-id 0x02 by concise DCF.       
  *[] 
 []


Overfull \hbox (5.10352pt too wide) in paragraph at lines 923--923
[]  \T1/cmtt/m/n/12 *                                                          
  *[] 
 []


Overfull \hbox (5.10352pt too wide) in paragraph at lines 923--923
[]  \T1/cmtt/m/n/12 *   Usage:                                                 
  *[] 
 []


Overfull \hbox (5.10352pt too wide) in paragraph at lines 923--923
[]  \T1/cmtt/m/n/12 *   ./TestMasterSlave  [OPTIONS]                           
  *[] 
 []


Overfull \hbox (5.10352pt too wide) in paragraph at lines 923--923
[]  \T1/cmtt/m/n/12 *                                                          
  *[] 
 []


Overfull \hbox (5.10352pt too wide) in paragraph at lines 923--923
[]  \T1/cmtt/m/n/12 *   OPTIONS:                                               
  *[] 
 []


Overfull \hbox (5.10352pt too wide) in paragraph at lines 923--923
[]  \T1/cmtt/m/n/12 *     -l : Can library ["libcanfestival_can_virtual.so"]   
  *[] 
 []


Overfull \hbox (5.10352pt too wide) in paragraph at lines 923--923
[]  \T1/cmtt/m/n/12 *                                                          
  *[] 
 []


Overfull \hbox (5.10352pt too wide) in paragraph at lines 923--923
[]  \T1/cmtt/m/n/12 *    Slave:                                                
  *[] 
 []


Overfull \hbox (5.10352pt too wide) in paragraph at lines 923--923
[]  \T1/cmtt/m/n/12 *     -s : bus name ["0"]                                  
  *[] 
 []


Overfull \hbox (5.10352pt too wide) in paragraph at lines 923--923
[]  \T1/cmtt/m/n/12 *     -S : 1M,500K,250K,125K,100K,50K,20K,10K,none(disable)
  *[] 
 []


Overfull \hbox (5.10352pt too wide) in paragraph at lines 923--923
[]  \T1/cmtt/m/n/12 *                                                          
  *[] 
 []


Overfull \hbox (5.10352pt too wide) in paragraph at lines 923--923
[]  \T1/cmtt/m/n/12 *    Master:                                               
  *[] 
 []


Overfull \hbox (5.10352pt too wide) in paragraph at lines 923--923
[]  \T1/cmtt/m/n/12 *     -m : bus name ["1"]                                  
  *[] 
 []


Overfull \hbox (5.10352pt too wide) in paragraph at lines 923--923
[]  \T1/cmtt/m/n/12 *     -M : 1M,500K,250K,125K,100K,50K,20K,10K,none(disable)
  *[] 
 []


Overfull \hbox (5.10352pt too wide) in paragraph at lines 923--923
[]  \T1/cmtt/m/n/12 *                                                          
  *[] 
 []


Overfull \hbox (5.10352pt too wide) in paragraph at lines 923--923
[]  \T1/cmtt/m/n/12 ***********************************************************
***[] 
 []

[23]
Overfull \hbox (24.83487pt too wide) in paragraph at lines 971--973
[]\T1/cmr/m/n/12 The slave node is con-fig-ured just be-fore the Mas-ter en-ter
-ing in Pre_operational
 []


Overfull \hbox (5.10352pt too wide) in paragraph at lines 1043--1043
[]  \T1/cmtt/m/n/12 ***********************************************************
***[] 
 []

[24]
Overfull \hbox (5.10352pt too wide) in paragraph at lines 1043--1043
[]  \T1/cmtt/m/n/12 *  TestMasterMicroMod                                      
  *[] 
 []


Overfull \hbox (5.10352pt too wide) in paragraph at lines 1043--1043
[]  \T1/cmtt/m/n/12 *                                                          
  *[] 
 []


Overfull \hbox (5.10352pt too wide) in paragraph at lines 1043--1043
[]  \T1/cmtt/m/n/12 *  A simple example for PC.                                
  *[] 
 []


Overfull \hbox (5.10352pt too wide) in paragraph at lines 1043--1043
[]  \T1/cmtt/m/n/12 *  A CanOpen master that control a MicroMod module:        
  *[] 
 []


Overfull \hbox (5.10352pt too wide) in paragraph at lines 1043--1043
[]  \T1/cmtt/m/n/12 *  - setup module TPDO 1 transmit type                     
  *[] 
 []


Overfull \hbox (5.10352pt too wide) in paragraph at lines 1043--1043
[]  \T1/cmtt/m/n/12 *  - setup module RPDO 1 transmit type                     
  *[] 
 []


Overfull \hbox (5.10352pt too wide) in paragraph at lines 1043--1043
[]  \T1/cmtt/m/n/12 *  - setup module hearbeatbeat period                      
  *[] 
 []


Overfull \hbox (5.10352pt too wide) in paragraph at lines 1043--1043
[]  \T1/cmtt/m/n/12 *  - disable others TPDOs                                  
  *[] 
 []


Overfull \hbox (5.10352pt too wide) in paragraph at lines 1043--1043
[]  \T1/cmtt/m/n/12 *  - set state to operational                              
  *[] 
 []


Overfull \hbox (5.10352pt too wide) in paragraph at lines 1043--1043
[]  \T1/cmtt/m/n/12 *  - send periodic SYNC                                    
  *[] 
 []


Overfull \hbox (5.10352pt too wide) in paragraph at lines 1043--1043
[]  \T1/cmtt/m/n/12 *  - send periodic RPDO 1 to Micromod (digital output)     
  *[] 
 []


Overfull \hbox (5.10352pt too wide) in paragraph at lines 1043--1043
[]  \T1/cmtt/m/n/12 *  - listen Micromod's TPDO 1 (digital input)              
  *[] 
 []


Overfull \hbox (5.10352pt too wide) in paragraph at lines 1043--1043
[]  \T1/cmtt/m/n/12 *  - Mapping RPDO 1 bit per bit (digital input)            
  *[] 
 []


Overfull \hbox (5.10352pt too wide) in paragraph at lines 1043--1043
[]  \T1/cmtt/m/n/12 *                                                          
  *[] 
 []


Overfull \hbox (5.10352pt too wide) in paragraph at lines 1043--1043
[]  \T1/cmtt/m/n/12 *   Usage:                                                 
  *[] 
 []


Overfull \hbox (5.10352pt too wide) in paragraph at lines 1043--1043
[]  \T1/cmtt/m/n/12 *   ./TestMasterMicroMod  [OPTIONS]                        
  *[] 
 []


Overfull \hbox (5.10352pt too wide) in paragraph at lines 1043--1043
[]  \T1/cmtt/m/n/12 *                                                          
  *[] 
 []


Overfull \hbox (5.10352pt too wide) in paragraph at lines 1043--1043
[]  \T1/cmtt/m/n/12 *   OPTIONS:                                               
  *[] 
 []


Overfull \hbox (5.10352pt too wide) in paragraph at lines 1043--1043
[]  \T1/cmtt/m/n/12 *     -l : Can library ["libcanfestival_can_virtual.so"]   
  *[] 
 []


Overfull \hbox (5.10352pt too wide) in paragraph at lines 1043--1043
[]  \T1/cmtt/m/n/12 *                                                          
  *[] 
 []


Overfull \hbox (5.10352pt too wide) in paragraph at lines 1043--1043
[]  \T1/cmtt/m/n/12 *    Slave:                                                
  *[] 
 []


Overfull \hbox (5.10352pt too wide) in paragraph at lines 1043--1043
[]  \T1/cmtt/m/n/12 *     -i : Slave Node id format [0x01 , 0x7F]              
  *[] 
 []


Overfull \hbox (5.10352pt too wide) in paragraph at lines 1043--1043
[]  \T1/cmtt/m/n/12 *                                                          
  *[] 
 []


Overfull \hbox (5.10352pt too wide) in paragraph at lines 1043--1043
[]  \T1/cmtt/m/n/12 *    Master:                                               
  *[] 
 []


Overfull \hbox (5.10352pt too wide) in paragraph at lines 1043--1043
[]  \T1/cmtt/m/n/12 *     -m : bus name ["1"]                                  
  *[] 
 []


Overfull \hbox (5.10352pt too wide) in paragraph at lines 1043--1043
[]  \T1/cmtt/m/n/12 *     -M : 1M,500K,250K,125K,100K,50K,20K,10K              
  *[] 
 []


Overfull \hbox (5.10352pt too wide) in paragraph at lines 1043--1043
[]  \T1/cmtt/m/n/12 *                                                          
  *[] 
 []


Overfull \hbox (5.10352pt too wide) in paragraph at lines 1043--1043
[]  \T1/cmtt/m/n/12 ***********************************************************
***[] 
 []

[25]
Overfull \hbox (60.66495pt too wide) in paragraph at lines 1083--1083
[]\T1/cmtt/m/n/12 UNS8 configNetworkNode (CO_Data* d, UNS8 command, void *dat1,
 void* dat2,[] 
 []

[26]
Overfull \hbox (73.01193pt too wide) in paragraph at lines 1101--1101
[]\T1/cmtt/m/n/12 res=configNetworkNode(&d,LSS_IDENT_FASTSCAN,&lss_fs,0,CheckLS
SAndContinue);[] 
 []

[27]
<Pictures/10000201000001FC000001E5D65E8766.png, id=501, 509.905pt x 486.81876pt
>
File: Pictures/10000201000001FC000001E5D65E8766.png Graphic file (type png)
 <use Pictures/10000201000001FC000001E5D65E8766.png>
<Pictures/10000201000003E7000001C7B0296577.png, id=502, 1002.74625pt x 456.7062
5pt>
File: Pictures/10000201000003E7000001C7B0296577.png Graphic file (type png)
 <use Pictures/10000201000003E7000001C7B0296577.png> [28 <./Pictures/1000020100
0001FC000001E5D65E8766.png>]
<Pictures/10000000000000B6000000DF1EDD1E73.png, id=510, 182.6825pt x 223.83624p
t>
File: Pictures/10000000000000B6000000DF1EDD1E73.png Graphic file (type png)
 <use Pictures/10000000000000B6000000DF1EDD1E73.png>
<Pictures/10000000000000AC000000C9C3F53FA6.png, id=511, 172.645pt x 201.75375pt
>
File: Pictures/10000000000000AC000000C9C3F53FA6.png Graphic file (type png)
 <use Pictures/10000000000000AC000000C9C3F53FA6.png>
<Pictures/100000000000006D000000A31EC8CB54.png, id=512, 109.40875pt x 163.61125
pt>
File: Pictures/100000000000006D000000A31EC8CB54.png Graphic file (type png)
 <use Pictures/100000000000006D000000A31EC8CB54.png>
<Pictures/10000000000000AA0000006014F74635.png, id=513, 170.6375pt x 96.36pt>
File: Pictures/10000000000000AA0000006014F74635.png Graphic file (type png)

<use Pictures/10000000000000AA0000006014F74635.png> [29 <./Pictures/10000201000
003E7000001C7B0296577.png> <./Pictures/10000000000000B6000000DF1EDD1E73.png (PN
G copy)> <./Pictures/10000000000000AC000000C9C3F53FA6.png (PNG copy)> <./Pictur
es/100000000000006D000000A31EC8CB54.png (PNG copy)>]
<Pictures/new_node.png, id=520, 451.6875pt x 351.3125pt>
File: Pictures/new_node.png Graphic file (type png)

<use Pictures/new_node.png>
<Pictures/node_info.png, id=521, 301.125pt x 281.05pt>
File: Pictures/node_info.png Graphic file (type png)

<use Pictures/node_info.png>
Underfull \vbox (badness 10000) has occurred while \output is active []

 [30 <./Pictures/10000000000000AA0000006014F74635.png (PNG copy)> <./Pictures/n
ew_node.png>]
<Pictures/10000000000000AB000000C88F594413.png, id=529, 171.64125pt x 200.75pt>
File: Pictures/10000000000000AB000000C88F594413.png Graphic file (type png)
<use Pictures/10000000000000AB000000C88F594413.png>
<Pictures/10000201000002DE000001D82D89C224.png, id=530, 736.7525pt x 473.77pt>
File: Pictures/10000201000002DE000001D82D89C224.png Graphic file (type png)

<use Pictures/10000201000002DE000001D82D89C224.png>
Underfull \vbox (badness 10000) has occurred while \output is active []

 [31 <./Pictures/node_info.png> <./Pictures/10000000000000AB000000C88F594413.pn
g (PNG copy)>]
<Pictures/10000201000001C40000010766961D7F.png, id=538, 453.695pt x 263.98625pt
>
File: Pictures/10000201000001C40000010766961D7F.png Graphic file (type png)
 <use Pictures/10000201000001C40000010766961D7F.png>
<Pictures/10000201000001C4000000DD129D4661.png, id=539, 453.695pt x 221.82875pt
>
File: Pictures/10000201000001C4000000DD129D4661.png Graphic file (type png)
 <use Pictures/10000201000001C4000000DD129D4661.png>
Underfull \vbox (badness 4254) has occurred while \output is active []

 [32 <./Pictures/10000201000002DE000001D82D89C224.png> <./Pictures/100002010000
01C40000010766961D7F.png>]
<Pictures/10000201000002F30000020B23ED7F67.png, id=548, 757.83125pt x 524.96124
pt>
File: Pictures/10000201000002F30000020B23ED7F67.png Graphic file (type png)
 <use Pictures/10000201000002F30000020B23ED7F67.png>
<Pictures/10000201000003440000025ACC3FD2F1.png, id=549, 839.135pt x 604.2575pt>
File: Pictures/10000201000003440000025ACC3FD2F1.png Graphic file (type png)
<use Pictures/10000201000003440000025ACC3FD2F1.png>
Underfull \vbox (badness 3098) has occurred while \output is active []

 [33 <./Pictures/10000201000001C4000000DD129D4661.png> <./Pictures/100002010000
02F30000020B23ED7F67.png>]
<Pictures/10000201000000B7000000C66AF89CD5.png, id=557, 183.68625pt x 198.7425p
t>
File: Pictures/10000201000000B7000000C66AF89CD5.png Graphic file (type png)
 <use Pictures/10000201000000B7000000C66AF89CD5.png> [34 <./Pictures/1000020100
0003440000025ACC3FD2F1.png> <./Pictures/10000201000000B7000000C66AF89CD5.png>] 
[35]
Overfull \hbox (22.62982pt too wide) in paragraph at lines 1363--1366
[]\T1/cmr/m/n/12 Code was com-piled MS Vi-su-al-Stu-dio 2003.NET and Vi-su-al-S
tu-dio 2005.NET
 []


Overfull \hbox (10.40472pt too wide) in paragraph at lines 1374--1377
\T1/cmr/m/n/12 DE-BUG_ERR_CONSOLE_ON, you can nav-i-gate in Can-Fes-ti-val sour
ce
 []


Overfull \hbox (27.09218pt too wide) in paragraph at lines 1378--1382
\T1/cmr/m/n/12 op-er-a-tors to sizeof_TYPE def-i-ni-tions in gen-er-ated code, 
i.e. re-place sizeof(UNS40)
 []

[36] [37]
Overfull \hbox (35.97098pt too wide) in paragraph at lines 1501--1501
[]    \T1/cmtt/m/n/12 0,    /* clock source : oscillator (In fact, it is not us
ed)   */[] 
 []

[38]
Overfull \hbox (35.97098pt too wide) in paragraph at lines 1543--1543
[]    \T1/cmtt/m/n/12 0,    /* clock source : oscillator (In fact, it is not us
ed)   */[] 
 []


Underfull \vbox (badness 6792) has occurred while \output is active []

 [39]
Overfull \hbox (51.55307pt too wide) in paragraph at lines 1588--1589
[][]\T1/cmr/m/n/12 http://www.freescale.com/webapp/sps/site/prod_summary.jsp?co
de=MC9S12DP256[][] 
 []

[40]
<Pictures/1000020100000258000000832C6FFAB4.png, id=623, 602.25pt x 131.49126pt>
File: Pictures/1000020100000258000000832C6FFAB4.png Graphic file (type png)
<use Pictures/1000020100000258000000832C6FFAB4.png>
Overfull \hbox (0.91833pt too wide) in paragraph at lines 1652--1653
\T1/cmr/m/n/12 Send your feed-back and bug re-ports to [][]canfestival-devel@li
sts.sourceforge.net[][]. 
 []

[41

 <./Pictures/1000020100000258000000832C6FFAB4.png>]
Overfull \hbox (54.49146pt too wide) in paragraph at lines 1693--1693
[]\T1/cmtt/m/n/12 #This file is part of CanFestival, a library implementing Can
Open Stack.[] 
 []


Overfull \hbox (29.79749pt too wide) in paragraph at lines 1693--1693
[]\T1/cmtt/m/n/12 #Copyright (C): Edouard TISSERANT, Francis DUPIN and Laurent 
BESSARD[] 
 []


Overfull \hbox (23.624pt too wide) in paragraph at lines 1693--1693
[]\T1/cmtt/m/n/12 #version 2.1 of the License, or (at your option) any later ve
rsion.[] 
 []


Overfull \hbox (5.10352pt too wide) in paragraph at lines 1693--1693
[]\T1/cmtt/m/n/12 #This library is distributed in the hope that it will be usef
ul,[] 
 []


Overfull \hbox (17.4505pt too wide) in paragraph at lines 1693--1693
[]\T1/cmtt/m/n/12 #MERCHANTABILITY or FITNESS FOR A PARTICULAR PURPOSE.  See th
e GNU[] 
 []


Overfull \hbox (11.27701pt too wide) in paragraph at lines 1693--1693
[]\T1/cmtt/m/n/12 #You should have received a copy of the GNU Lesser General Pu
blic[] 
 []


Overfull \hbox (29.79749pt too wide) in paragraph at lines 1693--1693
[]\T1/cmtt/m/n/12 #License along with this library; if not, write to the Free S
oftware[] 
 []


Overfull \hbox (66.83844pt too wide) in paragraph at lines 1693--1693
[]\T1/cmtt/m/n/12 #Foundation, Inc., 59 Temple Place, Suite 330, Boston, MA  02
111-1307  USA[] 
 []

[42] (./manual.aux) ) 
Here is how much of TeX's memory you used:
 5515 strings out of 493857
 82860 string characters out of 1153305
 155709 words of memory out of 3000000
 8446 multiletter control sequences out of 15000+50000
 18155 words of font info for 46 fonts, out of 3000000 for 9000
 714 hyphenation exceptions out of 8191
 38i,6n,36p,933b,418s stack positions out of 5000i,500n,10000p,200000b,50000s
pdfTeX warning (dest): name{Cygwin\040configuration\040and
\040compilation} has been referenced but does not exist, replaced by a fixed on
e

pdfTeX warning (dest): name{a821UsingDictionaryEditorGUIoutline} has been refer
enced but does not exist, replaced by a fixed one

 </home/yury/.texmf-var/fonts/pk/ljfour/jknappen/ec/ecti1200.600pk> </home/yury
/.texmf-var/fonts/pk/ljfour/jknappen/ec/tcrm1200.600pk> </home/yury/.texmf-var/
fonts/pk/ljfour/jknappen/ec/ectt1200.600pk> </home/yury/.texmf-var/fonts/pk/ljf
our/jknappen/ec/ecbx1200.600pk> </home/yury/.texmf-var/fonts/pk/ljfour/jknappen
/ec/ecbx1440.600pk> </home/yury/.texmf-var/fonts/pk/ljfour/jknappen/ec/ecbx1728
.600pk> </home/yury/.texmf-var/fonts/pk/ljfour/jknappen/ec/ecsl1200.600pk> </ho
me/yury/.texmf-var/fonts/pk/ljfour/jknappen/ec/ecbx2488.600pk> </home/yury/.tex
mf-var/fonts/pk/ljfour/jknappen/ec/ecss2488.600pk> </home/yury/.texmf-var/fonts
/pk/ljfour/jknappen/ec/ecrm1200.600pk>
Output written on manual.pdf (42 pages, 1188355 bytes).
PDF statistics:
 1176 PDF objects out of 1200 (max. 8388607)
 226 named destinations out of 1000 (max. 500000)
 530 words of extra memory for PDF output out of 10000 (max. 10000000)

